This is pdfTeX, Version 3.141592653-2.6-1.40.27 (TeX Live 2026/dev/Arch Linux) (preloaded format=pdflatex 2025.11.14)  14 NOV 2025 16:31
entering extended mode
 restricted \write18 enabled.
 file:line:error style messages enabled.
 %&-line parsing enabled.
**/home/seraph/Documents/gempro-notebook/content/main.tex
(/home/seraph/Documents/gempro-notebook/content/main.tex
LaTeX2e <2024-11-01> patch level 2
L3 programming layer <2025-01-18>
(/usr/share/texmf-dist/tex/latex/base/article.cls
Document Class: article 2024/06/29 v1.4n Standard LaTeX document class
(/usr/share/texmf-dist/tex/latex/base/size11.clo
File: size11.clo 2024/06/29 v1.4n Standard LaTeX file (size option)
)
\c@part=\count196
\c@section=\count197
\c@subsection=\count198
\c@subsubsection=\count199
\c@paragraph=\count266
\c@subparagraph=\count267
\c@figure=\count268
\c@table=\count269
\abovecaptionskip=\skip49
\belowcaptionskip=\skip50
\bibindent=\dimen141
)

! LaTeX Error: File `content/preamble.tex' not found.

Type X to quit or <RETURN> to proceed,
or enter new name. (Default extension: tex)

Enter file name: 
/home/seraph/Documents/gempro-notebook/content/main.tex:4: Emergency stop.
<read *> 
         
l.4 \input{content/preamble}
                            ^^M
*** (cannot \read from terminal in nonstop modes)

 
Here is how much of TeX's memory you used:
 236 strings out of 475151
 3004 string characters out of 5766385
 386903 words of memory out of 5000000
 23330 multiletter control sequences out of 15000+600000
 559137 words of font info for 37 fonts, out of 8000000 for 9000
 16 hyphenation exceptions out of 8191
 35i,0n,38p,168b,36s stack positions out of 10000i,1000n,20000p,200000b,200000s
/home/seraph/Documents/gempro-notebook/content/main.tex:4:  ==> Fatal error occurred, no output PDF file produced!
